::1 - - [24/Jun/2021:13:24:07 +0000] "GET / HTTP/1.1" 500 398 "-" "insomnia/2021.3.0"
::1 - - [24/Jun/2021:13:25:19 +0000] "GET / HTTP/1.1" 500 398 "-" "insomnia/2021.3.0"
::1 - - [24/Jun/2021:13:25:43 +0000] "GET / HTTP/1.1" 500 398 "-" "insomnia/2021.3.0"
::1 - - [24/Jun/2021:13:26:40 +0000] "GET /users HTTP/1.1" 200 410 "-" "insomnia/2021.3.0"
::1 - - [24/Jun/2021:13:26:40 +0000] "GET /public/style.css HTTP/1.1" 304 - "-" "Mozilla/5.0 (Windows NT 10.0; Win64; x64) AppleWebKit/537.36 (KHTML, like Gecko) Insomnia/2021.3.0 Chrome/83.0.4103.122 Electron/9.3.5 Safari/537.36"
::1 - - [24/Jun/2021:14:05:21 +0000] "GET /public/style.css HTTP/1.1" 200 157 "http://localhost:3000/" "Mozilla/5.0 (Windows NT 10.0; Win64; x64; rv:89.0) Gecko/20100101 Firefox/89.0"
::1 - - [24/Jun/2021:14:05:38 +0000] "GET / HTTP/1.1" 200 534 "-" "insomnia/2021.3.0"
::1 - - [24/Jun/2021:14:05:39 +0000] "GET /public/style.css HTTP/1.1" 304 - "-" "Mozilla/5.0 (Windows NT 10.0; Win64; x64) AppleWebKit/537.36 (KHTML, like Gecko) Insomnia/2021.3.0 Chrome/83.0.4103.122 Electron/9.3.5 Safari/537.36"
::1 - - [24/Jun/2021:14:05:39 +0000] "GET /public/step_bg.png HTTP/1.1" 304 - "-" "Mozilla/5.0 (Windows NT 10.0; Win64; x64) AppleWebKit/537.36 (KHTML, like Gecko) Insomnia/2021.3.0 Chrome/83.0.4103.122 Electron/9.3.5 Safari/537.36"
::1 - - [24/Jun/2021:14:05:45 +0000] "GET / HTTP/1.1" 200 534 "-" "Mozilla/5.0 (Windows NT 10.0; Win64; x64; rv:89.0) Gecko/20100101 Firefox/89.0"
::1 - - [24/Jun/2021:14:05:45 +0000] "GET /public/style.css HTTP/1.1" 304 - "http://localhost:3000/" "Mozilla/5.0 (Windows NT 10.0; Win64; x64; rv:89.0) Gecko/20100101 Firefox/89.0"
::1 - - [24/Jun/2021:14:05:45 +0000] "GET /public/step_bg.png HTTP/1.1" 200 62883 "http://localhost:3000/" "Mozilla/5.0 (Windows NT 10.0; Win64; x64; rv:89.0) Gecko/20100101 Firefox/89.0"
::1 - - [24/Jun/2021:14:06:39 +0000] "GET / HTTP/1.1" 200 588 "-" "insomnia/2021.3.0"
::1 - - [24/Jun/2021:14:06:39 +0000] "GET /public/style.css HTTP/1.1" 304 - "-" "Mozilla/5.0 (Windows NT 10.0; Win64; x64) AppleWebKit/537.36 (KHTML, like Gecko) Insomnia/2021.3.0 Chrome/83.0.4103.122 Electron/9.3.5 Safari/537.36"
::1 - - [24/Jun/2021:14:06:39 +0000] "GET /public/step_bg.png HTTP/1.1" 304 - "-" "Mozilla/5.0 (Windows NT 10.0; Win64; x64) AppleWebKit/537.36 (KHTML, like Gecko) Insomnia/2021.3.0 Chrome/83.0.4103.122 Electron/9.3.5 Safari/537.36"
::1 - - [24/Jun/2021:14:06:42 +0000] "GET / HTTP/1.1" 200 588 "-" "Mozilla/5.0 (Windows NT 10.0; Win64; x64; rv:89.0) Gecko/20100101 Firefox/89.0"
::1 - - [24/Jun/2021:14:06:42 +0000] "GET /public/style.css HTTP/1.1" 304 - "http://localhost:3000/" "Mozilla/5.0 (Windows NT 10.0; Win64; x64; rv:89.0) Gecko/20100101 Firefox/89.0"
::1 - - [24/Jun/2021:14:06:42 +0000] "GET /public/step_bg.png HTTP/1.1" 304 - "http://localhost:3000/" "Mozilla/5.0 (Windows NT 10.0; Win64; x64; rv:89.0) Gecko/20100101 Firefox/89.0"
::1 - - [24/Jun/2021:14:09:24 +0000] "GET / HTTP/1.1" 200 602 "-" "Mozilla/5.0 (Windows NT 10.0; Win64; x64; rv:89.0) Gecko/20100101 Firefox/89.0"
::1 - - [24/Jun/2021:14:09:24 +0000] "GET /public/style.css HTTP/1.1" 200 157 "http://localhost:3000/" "Mozilla/5.0 (Windows NT 10.0; Win64; x64; rv:89.0) Gecko/20100101 Firefox/89.0"
::1 - - [24/Jun/2021:14:09:24 +0000] "GET /public/step_bg.png HTTP/1.1" 200 62883 "http://localhost:3000/" "Mozilla/5.0 (Windows NT 10.0; Win64; x64; rv:89.0) Gecko/20100101 Firefox/89.0"
::1 - - [24/Jun/2021:14:12:50 +0000] "POST /document HTTP/1.1" 200 20 "http://localhost:3000/" "Mozilla/5.0 (Windows NT 10.0; Win64; x64; rv:89.0) Gecko/20100101 Firefox/89.0"
::1 - - [24/Jun/2021:14:14:18 +0000] "POST /document HTTP/1.1" 200 20 "http://localhost:3000/" "Mozilla/5.0 (Windows NT 10.0; Win64; x64; rv:89.0) Gecko/20100101 Firefox/89.0"
::1 - - [24/Jun/2021:14:14:47 +0000] "POST /document HTTP/1.1" 200 20 "http://localhost:3000/" "Mozilla/5.0 (Windows NT 10.0; Win64; x64; rv:89.0) Gecko/20100101 Firefox/89.0"
::1 - - [24/Jun/2021:14:14:48 +0000] "GET / HTTP/1.1" 200 632 "-" "Mozilla/5.0 (Windows NT 10.0; Win64; x64; rv:89.0) Gecko/20100101 Firefox/89.0"
::1 - - [24/Jun/2021:14:14:49 +0000] "GET /public/style.css HTTP/1.1" 200 157 "http://localhost:3000/" "Mozilla/5.0 (Windows NT 10.0; Win64; x64; rv:89.0) Gecko/20100101 Firefox/89.0"
::1 - - [24/Jun/2021:14:14:49 +0000] "GET /public/step_bg.png HTTP/1.1" 200 62883 "http://localhost:3000/" "Mozilla/5.0 (Windows NT 10.0; Win64; x64; rv:89.0) Gecko/20100101 Firefox/89.0"
::1 - - [24/Jun/2021:14:14:51 +0000] "GET / HTTP/1.1" 200 632 "-" "Mozilla/5.0 (Windows NT 10.0; Win64; x64; rv:89.0) Gecko/20100101 Firefox/89.0"
::1 - - [24/Jun/2021:14:14:51 +0000] "GET /public/style.css HTTP/1.1" 200 157 "http://localhost:3000/" "Mozilla/5.0 (Windows NT 10.0; Win64; x64; rv:89.0) Gecko/20100101 Firefox/89.0"
::1 - - [24/Jun/2021:14:14:51 +0000] "GET /public/step_bg.png HTTP/1.1" 200 62883 "http://localhost:3000/" "Mozilla/5.0 (Windows NT 10.0; Win64; x64; rv:89.0) Gecko/20100101 Firefox/89.0"
::1 - - [24/Jun/2021:14:15:47 +0000] "GET / HTTP/1.1" 200 632 "-" "Mozilla/5.0 (Windows NT 10.0; Win64; x64; rv:89.0) Gecko/20100101 Firefox/89.0"
::1 - - [24/Jun/2021:14:15:47 +0000] "GET /public/style.css HTTP/1.1" 200 157 "http://localhost:3000/" "Mozilla/5.0 (Windows NT 10.0; Win64; x64; rv:89.0) Gecko/20100101 Firefox/89.0"
::1 - - [24/Jun/2021:14:15:47 +0000] "GET /public/step_bg.png HTTP/1.1" 200 62883 "http://localhost:3000/" "Mozilla/5.0 (Windows NT 10.0; Win64; x64; rv:89.0) Gecko/20100101 Firefox/89.0"
::1 - - [24/Jun/2021:14:15:53 +0000] "GET /public/style.css HTTP/1.1" 200 157 "http://localhost:3000/document" "Mozilla/5.0 (Windows NT 10.0; Win64; x64; rv:89.0) Gecko/20100101 Firefox/89.0"
::1 - - [24/Jun/2021:14:16:16 +0000] "GET / HTTP/1.1" 200 632 "-" "Mozilla/5.0 (Windows NT 10.0; Win64; x64; rv:89.0) Gecko/20100101 Firefox/89.0"
::1 - - [24/Jun/2021:14:16:16 +0000] "GET /public/style.css HTTP/1.1" 200 157 "http://localhost:3000/" "Mozilla/5.0 (Windows NT 10.0; Win64; x64; rv:89.0) Gecko/20100101 Firefox/89.0"
::1 - - [24/Jun/2021:14:16:16 +0000] "GET /public/step_bg.png HTTP/1.1" 200 62883 "http://localhost:3000/" "Mozilla/5.0 (Windows NT 10.0; Win64; x64; rv:89.0) Gecko/20100101 Firefox/89.0"
::1 - - [24/Jun/2021:14:16:22 +0000] "POST /document HTTP/1.1" 200 20 "http://localhost:3000/" "Mozilla/5.0 (Windows NT 10.0; Win64; x64; rv:89.0) Gecko/20100101 Firefox/89.0"
::1 - - [24/Jun/2021:14:17:18 +0000] "GET / HTTP/1.1" 200 632 "-" "Mozilla/5.0 (Windows NT 10.0; Win64; x64; rv:89.0) Gecko/20100101 Firefox/89.0"
::1 - - [24/Jun/2021:14:17:19 +0000] "GET /public/style.css HTTP/1.1" 200 157 "http://localhost:3000/" "Mozilla/5.0 (Windows NT 10.0; Win64; x64; rv:89.0) Gecko/20100101 Firefox/89.0"
::1 - - [24/Jun/2021:14:17:19 +0000] "GET /public/step_bg.png HTTP/1.1" 200 62883 "http://localhost:3000/" "Mozilla/5.0 (Windows NT 10.0; Win64; x64; rv:89.0) Gecko/20100101 Firefox/89.0"
::1 - - [24/Jun/2021:14:17:27 +0000] "POST /document HTTP/1.1" 200 20 "http://localhost:3000/" "Mozilla/5.0 (Windows NT 10.0; Win64; x64; rv:89.0) Gecko/20100101 Firefox/89.0"
::1 - - [24/Jun/2021:14:19:20 +0000] "GET / HTTP/1.1" 200 696 "-" "Mozilla/5.0 (Windows NT 10.0; Win64; x64; rv:89.0) Gecko/20100101 Firefox/89.0"
::1 - - [24/Jun/2021:14:19:21 +0000] "GET /public/style.css HTTP/1.1" 200 157 "http://localhost:3000/" "Mozilla/5.0 (Windows NT 10.0; Win64; x64; rv:89.0) Gecko/20100101 Firefox/89.0"
::1 - - [24/Jun/2021:14:19:21 +0000] "GET /public/uploads/1624544182530_burgonde.png HTTP/1.1" 200 119726 "http://localhost:3000/" "Mozilla/5.0 (Windows NT 10.0; Win64; x64; rv:89.0) Gecko/20100101 Firefox/89.0"
::1 - - [24/Jun/2021:14:19:21 +0000] "GET /public/step_bg.png HTTP/1.1" 200 62883 "http://localhost:3000/" "Mozilla/5.0 (Windows NT 10.0; Win64; x64; rv:89.0) Gecko/20100101 Firefox/89.0"
